[13-Mar-2022 16:15:27] NOTICE: fpm is running, pid 8708
[13-Mar-2022 16:15:27] NOTICE: ready to handle connections
[13-Mar-2022 17:10:13] NOTICE: Terminating ...
[13-Mar-2022 17:10:13] NOTICE: Terminating ...
[13-Mar-2022 17:10:13] NOTICE: exiting, bye-bye!
[21-Apr-2022 17:21:55] NOTICE: fpm is running, pid 1613
[21-Apr-2022 17:21:55] NOTICE: ready to handle connections
[21-Apr-2022 17:57:22] NOTICE: Terminating ...
[21-Apr-2022 17:57:22] NOTICE: Terminating ...
[21-Apr-2022 17:57:22] NOTICE: exiting, bye-bye!
[28-Apr-2022 14:44:39] NOTICE: fpm is running, pid 9970
[28-Apr-2022 14:44:39] NOTICE: ready to handle connections
[28-Apr-2022 14:45:58] NOTICE: Terminating ...
[28-Apr-2022 14:45:58] NOTICE: Terminating ...
[28-Apr-2022 14:45:58] NOTICE: exiting, bye-bye!
[28-Apr-2022 14:49:28] NOTICE: fpm is running, pid 10307
[28-Apr-2022 14:49:28] NOTICE: ready to handle connections
[28-Apr-2022 15:01:08] NOTICE: Terminating ...
[28-Apr-2022 15:01:08] NOTICE: Terminating ...
[28-Apr-2022 15:01:08] NOTICE: exiting, bye-bye!
[28-Apr-2022 15:04:44] NOTICE: fpm is running, pid 10805
[28-Apr-2022 15:04:44] NOTICE: ready to handle connections
[28-Apr-2022 15:32:36] NOTICE: Terminating ...
[28-Apr-2022 15:32:36] NOTICE: Terminating ...
[28-Apr-2022 15:32:36] NOTICE: exiting, bye-bye!
[28-Apr-2022 15:35:26] NOTICE: fpm is running, pid 11256
[28-Apr-2022 15:35:26] NOTICE: ready to handle connections
[28-Apr-2022 15:50:05] NOTICE: Terminating ...
[28-Apr-2022 15:50:05] NOTICE: Terminating ...
[28-Apr-2022 15:50:05] NOTICE: exiting, bye-bye!
[29-Apr-2022 15:17:23] NOTICE: fpm is running, pid 2237
[29-Apr-2022 15:17:23] NOTICE: ready to handle connections
